-o-o-o-o-o-
Fecha: 20-02-2017 16:31:31
Operacion: Selección y Ordenamiento Múltiple
Usuario: toba
Version-PHP: 5.6.25
Servidor: localhost
URI: /toba_referencia/2.7/?ai=toba_referencia||30000023&tcm=previsualizacion&tm=1
Referrer: http://localhost:2020/toba_editor/2.7/aplicacion.php?ah=st58ab43f8dd0f47.38306603&ai=toba_editor%7C%7C1000241
Host: 172.17.0.1
==========
[INFO][toba] Se detecto acceso desde el menu. Se limpia la memoria de la operacion
[DEBUG][toba] Cargando USUARIO 'toba' en el proyecto 'toba_referencia'
[DEBUG][toba] Crear SESION '285' en el proyecto 'toba_referencia'
[DEBUG][toba] Se creo la SESION [usuario: toba ]
[DEBUG][toba_referencia] INSTALACION "/var/local/proyecto/docker-data/instalacion"
[DEBUG][toba_referencia] Parametros instancia produccion: array (
  'base' => 'toba_2_7',
  'proyectos' => 'toba_editor, toba_referencia, toba_usuarios, lavautos',
  'tipo' => 'normal',
  'toba_editor' => 
  array (
    'path' => '/var/local/proyecto/vendor/siu-toba/framework/proyectos/toba_editor',
    'url' => '/toba_editor/2.7',
  ),
  'toba_referencia' => 
  array (
    'path' => '/var/local/proyecto/vendor/siu-toba/framework/proyectos/toba_referencia',
    'url' => '/toba_referencia/2.7',
  ),
  'toba_usuarios' => 
  array (
    'path' => '/var/local/proyecto/vendor/siu-toba/framework/proyectos/toba_usuarios',
    'url' => '/toba_usuarios/2.7',
  ),
  'lavautos' => 
  array (
    'path' => '/var/local/proyecto/vendor/siu-toba/framework/proyectos/lavautos',
    'url' => '/lavautos/1.0',
    'usar_perfiles_propios' => '1',
  ),
)
[DEBUG][toba_referencia] INSTANCIA "produccion"
[DEBUG][toba_referencia] Conectando a base 'toba_2_7'
[DEBUG][toba_referencia] Parametros de conexion: array (
  'motor' => 'postgres7',
  'profile' => '172.17.0.3',
  'usuario' => 'postgres',
  'clave' => 'postgres',
  'base' => 'toba_2_7',
  'puerto' => '5432',
  'encoding' => 'LATIN1',
  'schema' => 'produccion',
)
[DEBUG][toba_referencia] PROYECTO "toba_referencia"
[DEBUG][toba_referencia] PUNTO DE MONTAJE: se cargó exitosamente el autoload del punto de montaje proyecto
[DEBUG][toba_referencia] PROYECTO "toba_referencia"
[DEBUG][toba_referencia] (
				SELECT 	amo.padre,
							amo.carpeta,
							amo.proyecto,
							amo.item,
							amo.descripcion as nombre,
							ai.orden as 		orden,
							ai.imagen,
							ai.imagen_recurso_origen,
							amo.padre = '1000218' as es_primer_nivel
				   FROM 
							apex_usuario_grupo_acc auga
						JOIN apex_menu_operaciones amo ON (auga.menu_usuario = amo.menu_id AND auga.proyecto = amo.proyecto)
						JOIN apex_usuario_grupo_acc_item augai ON (auga.proyecto = augai.proyecto AND auga.usuario_grupo_acc = augai.usuario_grupo_acc AND augai.item = amo.item)
						JOIN apex_item ai ON (augai.item = ai.item AND augai.proyecto = ai.proyecto)	
				  WHERE (ai.menu = 1)
					AND ai.item != ai.padre
					AND	(auga.usuario_grupo_acc IN ('admin') OR ai.publico = 1)
					AND	(amo.proyecto = 'toba_referencia')
					AND auga.menu_usuario IS NOT NULL
			UNION
				SELECT 	ai.padre,
						ai.carpeta,
						ai.proyecto,
						ai.item,
						ai.nombre as nombre,
						ai.orden as 		orden,
						ai.imagen,
						ai.imagen_recurso_origen,
						ai.padre = '1000218' as es_primer_nivel
				FROM 
						apex_usuario_grupo_acc auga
					JOIN apex_usuario_grupo_acc_item augai ON (auga.proyecto = augai.proyecto AND auga.usuario_grupo_acc = augai.usuario_grupo_acc)
					JOIN apex_item ai ON (augai.item = ai.item AND augai.proyecto = ai.proyecto)	
				WHERE auga.menu_usuario is null
					AND (ai.menu = 1)
					AND ai.item != ai.padre
					AND	(auga.usuario_grupo_acc IN ('admin') OR ai.publico = 1)
					AND	(ai.proyecto = 'toba_referencia')
			) ORDER BY 1, 6
[DEBUG][toba] [SECCION] Iniciando componentes...
[INFO][toba_referencia] PUNTO MONTAJE: se cargó la clase componentes/ei_cuadro/seleccion_multiple/ci_cuadro_seleccion_multiple.php del punto de montaje proyecto. El path del mismo es /var/local/proyecto/vendor/siu-toba/framework/proyectos/toba_referencia/php
[DEBUG][toba] componente(30000046): [callback][ ini__operacion ]
[DEBUG][toba] [SECCION] Procesando eventos...
[INFO][toba] componente(30000046): No hay señales de un servicio anterior, no se atrapan eventos
[DEBUG][toba] [SECCION] Configurando dependencias para responder al servicio...
[DEBUG][toba] componente(30000046): Pantalla de servicio: 'pant_inicial'
[INFO][toba] componente(30000046): [ callback ] 'conf__pant_inicial' no fue atrapado
[DEBUG][toba] componente(30000046): [ callback ] 'conf__cuadro'
[DEBUG][toba] [SECCION] Respondiendo al servicio__generar_html...

-o-o-o-o-o-
Fecha: 20-02-2017 16:31:39
Operacion: Multilínea (ml)
Usuario: toba
Version-PHP: 5.6.25
Servidor: localhost
URI: /toba_referencia/2.7/aplicacion.php?tm=1&tcm=previsualizacion&ai=toba_referencia||1000216
Referrer: http://localhost:2020/toba_referencia/2.7/?ai=toba_referencia||30000023&tcm=previsualizacion&tm=1
Host: 172.17.0.1
==========
[INFO][toba] Se detecto acceso desde el menu. Se limpia la memoria de la operacion
[DEBUG][toba_referencia] INSTALACION "/var/local/proyecto/docker-data/instalacion"
[DEBUG][toba_referencia] Parametros instancia produccion: array (
  'base' => 'toba_2_7',
  'proyectos' => 'toba_editor, toba_referencia, toba_usuarios, lavautos',
  'tipo' => 'normal',
  'toba_editor' => 
  array (
    'path' => '/var/local/proyecto/vendor/siu-toba/framework/proyectos/toba_editor',
    'url' => '/toba_editor/2.7',
  ),
  'toba_referencia' => 
  array (
    'path' => '/var/local/proyecto/vendor/siu-toba/framework/proyectos/toba_referencia',
    'url' => '/toba_referencia/2.7',
  ),
  'toba_usuarios' => 
  array (
    'path' => '/var/local/proyecto/vendor/siu-toba/framework/proyectos/toba_usuarios',
    'url' => '/toba_usuarios/2.7',
  ),
  'lavautos' => 
  array (
    'path' => '/var/local/proyecto/vendor/siu-toba/framework/proyectos/lavautos',
    'url' => '/lavautos/1.0',
    'usar_perfiles_propios' => '1',
  ),
)
[DEBUG][toba_referencia] INSTANCIA "produccion"
[DEBUG][toba_referencia] Conectando a base 'toba_2_7'
[DEBUG][toba_referencia] Parametros de conexion: array (
  'motor' => 'postgres7',
  'profile' => '172.17.0.3',
  'usuario' => 'postgres',
  'clave' => 'postgres',
  'base' => 'toba_2_7',
  'puerto' => '5432',
  'encoding' => 'LATIN1',
  'schema' => 'produccion',
)
[DEBUG][toba_referencia] PROYECTO "toba_referencia"
[DEBUG][toba_referencia] PUNTO DE MONTAJE: se cargó exitosamente el autoload del punto de montaje proyecto
[DEBUG][toba_referencia] PROYECTO "toba_referencia"
[DEBUG][toba_referencia] (
				SELECT 	amo.padre,
							amo.carpeta,
							amo.proyecto,
							amo.item,
							amo.descripcion as nombre,
							ai.orden as 		orden,
							ai.imagen,
							ai.imagen_recurso_origen,
							amo.padre = '1000218' as es_primer_nivel
				   FROM 
							apex_usuario_grupo_acc auga
						JOIN apex_menu_operaciones amo ON (auga.menu_usuario = amo.menu_id AND auga.proyecto = amo.proyecto)
						JOIN apex_usuario_grupo_acc_item augai ON (auga.proyecto = augai.proyecto AND auga.usuario_grupo_acc = augai.usuario_grupo_acc AND augai.item = amo.item)
						JOIN apex_item ai ON (augai.item = ai.item AND augai.proyecto = ai.proyecto)	
				  WHERE (ai.menu = 1)
					AND ai.item != ai.padre
					AND	(auga.usuario_grupo_acc IN ('admin') OR ai.publico = 1)
					AND	(amo.proyecto = 'toba_referencia')
					AND auga.menu_usuario IS NOT NULL
			UNION
				SELECT 	ai.padre,
						ai.carpeta,
						ai.proyecto,
						ai.item,
						ai.nombre as nombre,
						ai.orden as 		orden,
						ai.imagen,
						ai.imagen_recurso_origen,
						ai.padre = '1000218' as es_primer_nivel
				FROM 
						apex_usuario_grupo_acc auga
					JOIN apex_usuario_grupo_acc_item augai ON (auga.proyecto = augai.proyecto AND auga.usuario_grupo_acc = augai.usuario_grupo_acc)
					JOIN apex_item ai ON (augai.item = ai.item AND augai.proyecto = ai.proyecto)	
				WHERE auga.menu_usuario is null
					AND (ai.menu = 1)
					AND ai.item != ai.padre
					AND	(auga.usuario_grupo_acc IN ('admin') OR ai.publico = 1)
					AND	(ai.proyecto = 'toba_referencia')
			) ORDER BY 1, 6
[DEBUG][toba] [SECCION] Iniciando componentes...
[INFO][toba_referencia] PUNTO MONTAJE: se cargó la clase componentes/ei_formulario_ml/extension_ci.php del punto de montaje proyecto. El path del mismo es /var/local/proyecto/vendor/siu-toba/framework/proyectos/toba_referencia/php
[DEBUG][toba] componente(1305): [callback][ ini__operacion ]
[DEBUG][toba] [SECCION] Procesando eventos...
[INFO][toba] componente(1305): No hay señales de un servicio anterior, no se atrapan eventos
[DEBUG][toba] [SECCION] Configurando dependencias para responder al servicio...
[DEBUG][toba] componente(1305): Pantalla de servicio: '0'
[INFO][toba] componente(1305): [ callback ] 'conf__0' no fue atrapado
[INFO][toba_referencia] PUNTO MONTAJE: se cargó la clase componentes/ei_formulario_ml/extension_formulario.php del punto de montaje proyecto. El path del mismo es /var/local/proyecto/vendor/siu-toba/framework/proyectos/toba_referencia/php
[DEBUG][toba] componente(1306):  IMPLICITO: modificacion
[DEBUG][toba] componente(1305): [ callback ] 'conf__ml'
[DEBUG][toba] [SECCION] Respondiendo al servicio__generar_html...

-o-o-o-o-o-
Fecha: 20-02-2017 16:33:01
Operacion: Multilínea (ml)
Usuario: toba
Version-PHP: 5.6.25
Servidor: localhost
URI: /toba_referencia/2.7/?ai=toba_referencia||1000216&tcm=previsualizacion&tm=1
Referrer: http://localhost:2020/toba_editor/2.7/aplicacion.php?ah=st58ab43f8dd0f47.38306603&ai=toba_editor%7C%7C1000241
Host: 172.17.0.1
==========
[INFO][toba] Se detecto acceso desde el menu. Se limpia la memoria de la operacion
[DEBUG][toba_referencia] INSTALACION "/var/local/proyecto/docker-data/instalacion"
[DEBUG][toba_referencia] Parametros instancia produccion: array (
  'base' => 'toba_2_7',
  'proyectos' => 'toba_editor, toba_referencia, toba_usuarios, lavautos',
  'tipo' => 'normal',
  'toba_editor' => 
  array (
    'path' => '/var/local/proyecto/vendor/siu-toba/framework/proyectos/toba_editor',
    'url' => '/toba_editor/2.7',
  ),
  'toba_referencia' => 
  array (
    'path' => '/var/local/proyecto/vendor/siu-toba/framework/proyectos/toba_referencia',
    'url' => '/toba_referencia/2.7',
  ),
  'toba_usuarios' => 
  array (
    'path' => '/var/local/proyecto/vendor/siu-toba/framework/proyectos/toba_usuarios',
    'url' => '/toba_usuarios/2.7',
  ),
  'lavautos' => 
  array (
    'path' => '/var/local/proyecto/vendor/siu-toba/framework/proyectos/lavautos',
    'url' => '/lavautos/1.0',
    'usar_perfiles_propios' => '1',
  ),
)
[DEBUG][toba_referencia] INSTANCIA "produccion"
[DEBUG][toba_referencia] Conectando a base 'toba_2_7'
[DEBUG][toba_referencia] Parametros de conexion: array (
  'motor' => 'postgres7',
  'profile' => '172.17.0.3',
  'usuario' => 'postgres',
  'clave' => 'postgres',
  'base' => 'toba_2_7',
  'puerto' => '5432',
  'encoding' => 'LATIN1',
  'schema' => 'produccion',
)
[DEBUG][toba_referencia] PROYECTO "toba_referencia"
[DEBUG][toba_referencia] PUNTO DE MONTAJE: se cargó exitosamente el autoload del punto de montaje proyecto
[DEBUG][toba_referencia] PROYECTO "toba_referencia"
[DEBUG][toba_referencia] (
				SELECT 	amo.padre,
							amo.carpeta,
							amo.proyecto,
							amo.item,
							amo.descripcion as nombre,
							ai.orden as 		orden,
							ai.imagen,
							ai.imagen_recurso_origen,
							amo.padre = '1000218' as es_primer_nivel
				   FROM 
							apex_usuario_grupo_acc auga
						JOIN apex_menu_operaciones amo ON (auga.menu_usuario = amo.menu_id AND auga.proyecto = amo.proyecto)
						JOIN apex_usuario_grupo_acc_item augai ON (auga.proyecto = augai.proyecto AND auga.usuario_grupo_acc = augai.usuario_grupo_acc AND augai.item = amo.item)
						JOIN apex_item ai ON (augai.item = ai.item AND augai.proyecto = ai.proyecto)	
				  WHERE (ai.menu = 1)
					AND ai.item != ai.padre
					AND	(auga.usuario_grupo_acc IN ('admin') OR ai.publico = 1)
					AND	(amo.proyecto = 'toba_referencia')
					AND auga.menu_usuario IS NOT NULL
			UNION
				SELECT 	ai.padre,
						ai.carpeta,
						ai.proyecto,
						ai.item,
						ai.nombre as nombre,
						ai.orden as 		orden,
						ai.imagen,
						ai.imagen_recurso_origen,
						ai.padre = '1000218' as es_primer_nivel
				FROM 
						apex_usuario_grupo_acc auga
					JOIN apex_usuario_grupo_acc_item augai ON (auga.proyecto = augai.proyecto AND auga.usuario_grupo_acc = augai.usuario_grupo_acc)
					JOIN apex_item ai ON (augai.item = ai.item AND augai.proyecto = ai.proyecto)	
				WHERE auga.menu_usuario is null
					AND (ai.menu = 1)
					AND ai.item != ai.padre
					AND	(auga.usuario_grupo_acc IN ('admin') OR ai.publico = 1)
					AND	(ai.proyecto = 'toba_referencia')
			) ORDER BY 1, 6
[DEBUG][toba] [SECCION] Iniciando componentes...
[INFO][toba_referencia] PUNTO MONTAJE: se cargó la clase componentes/ei_formulario_ml/extension_ci.php del punto de montaje proyecto. El path del mismo es /var/local/proyecto/vendor/siu-toba/framework/proyectos/toba_referencia/php
[DEBUG][toba] componente(1305): [callback][ ini__operacion ]
[DEBUG][toba] [SECCION] Procesando eventos...
[INFO][toba] componente(1305): No hay señales de un servicio anterior, no se atrapan eventos
[DEBUG][toba] [SECCION] Configurando dependencias para responder al servicio...
[DEBUG][toba] componente(1305): Pantalla de servicio: '0'
[INFO][toba] componente(1305): [ callback ] 'conf__0' no fue atrapado
[INFO][toba_referencia] PUNTO MONTAJE: se cargó la clase componentes/ei_formulario_ml/extension_formulario.php del punto de montaje proyecto. El path del mismo es /var/local/proyecto/vendor/siu-toba/framework/proyectos/toba_referencia/php
[DEBUG][toba] componente(1306):  IMPLICITO: modificacion
[DEBUG][toba] componente(1305): [ callback ] 'conf__ml'
[DEBUG][toba] [SECCION] Respondiendo al servicio__generar_html...

-o-o-o-o-o-
Fecha: 20-02-2017 16:38:55
Operacion: Multilínea (ml)
Usuario: toba
Version-PHP: 5.6.25
Servidor: localhost
URI: /toba_referencia/2.7/?ai=toba_referencia||1000216&tcm=previsualizacion&tm=1
Referrer: http://localhost:2020/toba_editor/2.7/aplicacion.php?ah=st58ab43f8dd0f47.38306603&ai=toba_editor%7C%7C1000241
Host: 172.17.0.1
==========
[INFO][toba] Se detecto acceso desde el menu. Se limpia la memoria de la operacion
[DEBUG][toba_referencia] INSTALACION "/var/local/proyecto/docker-data/instalacion"
[DEBUG][toba_referencia] Parametros instancia produccion: array (
  'base' => 'toba_2_7',
  'proyectos' => 'toba_editor, toba_referencia, toba_usuarios, lavautos',
  'tipo' => 'normal',
  'toba_editor' => 
  array (
    'path' => '/var/local/proyecto/vendor/siu-toba/framework/proyectos/toba_editor',
    'url' => '/toba_editor/2.7',
  ),
  'toba_referencia' => 
  array (
    'path' => '/var/local/proyecto/vendor/siu-toba/framework/proyectos/toba_referencia',
    'url' => '/toba_referencia/2.7',
  ),
  'toba_usuarios' => 
  array (
    'path' => '/var/local/proyecto/vendor/siu-toba/framework/proyectos/toba_usuarios',
    'url' => '/toba_usuarios/2.7',
  ),
  'lavautos' => 
  array (
    'path' => '/var/local/proyecto/vendor/siu-toba/framework/proyectos/lavautos',
    'url' => '/lavautos/1.0',
    'usar_perfiles_propios' => '1',
  ),
)
[DEBUG][toba_referencia] INSTANCIA "produccion"
[DEBUG][toba_referencia] Conectando a base 'toba_2_7'
[DEBUG][toba_referencia] Parametros de conexion: array (
  'motor' => 'postgres7',
  'profile' => '172.17.0.3',
  'usuario' => 'postgres',
  'clave' => 'postgres',
  'base' => 'toba_2_7',
  'puerto' => '5432',
  'encoding' => 'LATIN1',
  'schema' => 'produccion',
)
[DEBUG][toba_referencia] PROYECTO "toba_referencia"
[DEBUG][toba_referencia] PUNTO DE MONTAJE: se cargó exitosamente el autoload del punto de montaje proyecto
[DEBUG][toba_referencia] PROYECTO "toba_referencia"
[DEBUG][toba_referencia] (
				SELECT 	amo.padre,
							amo.carpeta,
							amo.proyecto,
							amo.item,
							amo.descripcion as nombre,
							ai.orden as 		orden,
							ai.imagen,
							ai.imagen_recurso_origen,
							amo.padre = '1000218' as es_primer_nivel
				   FROM 
							apex_usuario_grupo_acc auga
						JOIN apex_menu_operaciones amo ON (auga.menu_usuario = amo.menu_id AND auga.proyecto = amo.proyecto)
						JOIN apex_usuario_grupo_acc_item augai ON (auga.proyecto = augai.proyecto AND auga.usuario_grupo_acc = augai.usuario_grupo_acc AND augai.item = amo.item)
						JOIN apex_item ai ON (augai.item = ai.item AND augai.proyecto = ai.proyecto)	
				  WHERE (ai.menu = 1)
					AND ai.item != ai.padre
					AND	(auga.usuario_grupo_acc IN ('admin') OR ai.publico = 1)
					AND	(amo.proyecto = 'toba_referencia')
					AND auga.menu_usuario IS NOT NULL
			UNION
				SELECT 	ai.padre,
						ai.carpeta,
						ai.proyecto,
						ai.item,
						ai.nombre as nombre,
						ai.orden as 		orden,
						ai.imagen,
						ai.imagen_recurso_origen,
						ai.padre = '1000218' as es_primer_nivel
				FROM 
						apex_usuario_grupo_acc auga
					JOIN apex_usuario_grupo_acc_item augai ON (auga.proyecto = augai.proyecto AND auga.usuario_grupo_acc = augai.usuario_grupo_acc)
					JOIN apex_item ai ON (augai.item = ai.item AND augai.proyecto = ai.proyecto)	
				WHERE auga.menu_usuario is null
					AND (ai.menu = 1)
					AND ai.item != ai.padre
					AND	(auga.usuario_grupo_acc IN ('admin') OR ai.publico = 1)
					AND	(ai.proyecto = 'toba_referencia')
			) ORDER BY 1, 6
[DEBUG][toba] [SECCION] Iniciando componentes...
[INFO][toba_referencia] PUNTO MONTAJE: se cargó la clase componentes/ei_formulario_ml/extension_ci.php del punto de montaje proyecto. El path del mismo es /var/local/proyecto/vendor/siu-toba/framework/proyectos/toba_referencia/php
[DEBUG][toba] componente(1305): [callback][ ini__operacion ]
[DEBUG][toba] [SECCION] Procesando eventos...
[INFO][toba] componente(1305): No hay señales de un servicio anterior, no se atrapan eventos
[DEBUG][toba] [SECCION] Configurando dependencias para responder al servicio...
[DEBUG][toba] componente(1305): Pantalla de servicio: '0'
[INFO][toba] componente(1305): [ callback ] 'conf__0' no fue atrapado
[INFO][toba_referencia] PUNTO MONTAJE: se cargó la clase componentes/ei_formulario_ml/extension_formulario.php del punto de montaje proyecto. El path del mismo es /var/local/proyecto/vendor/siu-toba/framework/proyectos/toba_referencia/php
[DEBUG][toba] componente(1306):  IMPLICITO: modificacion
[DEBUG][toba] componente(1305): [ callback ] 'conf__ml'
[DEBUG][toba] [SECCION] Respondiendo al servicio__generar_html...

-o-o-o-o-o-
Fecha: 20-02-2017 16:53:04
Operacion: Inicio
Usuario: toba
Version-PHP: 5.6.25
Servidor: localhost
URI: /toba_referencia/2.7/?ai=toba_referencia&tcm=previsualizacion&tm=1
Referrer: http://localhost:2020/toba_editor/2.7/aplicacion.php?ah=st58ab491e2ad102.64444035&ai=toba_editor%7C%7C1000241
Host: 172.17.0.1
==========
[INFO][toba] Se detecto acceso desde el menu. Se limpia la memoria de la operacion
[DEBUG][toba_referencia] INSTALACION "/var/local/proyecto/docker-data/instalacion"
[DEBUG][toba_referencia] Parametros instancia produccion: array (
  'base' => 'toba_2_7',
  'proyectos' => 'toba_editor, toba_referencia, toba_usuarios, lavautos',
  'tipo' => 'normal',
  'toba_editor' => 
  array (
    'path' => '/var/local/proyecto/vendor/siu-toba/framework/proyectos/toba_editor',
    'url' => '/toba_editor/2.7',
  ),
  'toba_referencia' => 
  array (
    'path' => '/var/local/proyecto/vendor/siu-toba/framework/proyectos/toba_referencia',
    'url' => '/toba_referencia/2.7',
  ),
  'toba_usuarios' => 
  array (
    'path' => '/var/local/proyecto/vendor/siu-toba/framework/proyectos/toba_usuarios',
    'url' => '/toba_usuarios/2.7',
  ),
  'lavautos' => 
  array (
    'path' => '/var/local/proyecto/vendor/siu-toba/framework/proyectos/lavautos',
    'url' => '/lavautos/1.0',
    'usar_perfiles_propios' => '1',
  ),
)
[DEBUG][toba_referencia] INSTANCIA "produccion"
[DEBUG][toba_referencia] Conectando a base 'toba_2_7'
[DEBUG][toba_referencia] Parametros de conexion: array (
  'motor' => 'postgres7',
  'profile' => '172.17.0.3',
  'usuario' => 'postgres',
  'clave' => 'postgres',
  'base' => 'toba_2_7',
  'puerto' => '5432',
  'encoding' => 'LATIN1',
  'schema' => 'produccion',
)
[DEBUG][toba_referencia] PROYECTO "toba_referencia"
[DEBUG][toba_referencia] PUNTO DE MONTAJE: se cargó exitosamente el autoload del punto de montaje proyecto
[DEBUG][toba] Se cambia el ítem solicitado a =>array (
  0 => 'toba_referencia',
  1 => '3294',
)
[INFO][toba] Se detecto acceso desde el menu. Se limpia la memoria de la operacion
[DEBUG][toba_referencia] PROYECTO "toba_referencia"
[DEBUG][toba_referencia] (
				SELECT 	amo.padre,
							amo.carpeta,
							amo.proyecto,
							amo.item,
							amo.descripcion as nombre,
							ai.orden as 		orden,
							ai.imagen,
							ai.imagen_recurso_origen,
							amo.padre = '1000218' as es_primer_nivel
				   FROM 
							apex_usuario_grupo_acc auga
						JOIN apex_menu_operaciones amo ON (auga.menu_usuario = amo.menu_id AND auga.proyecto = amo.proyecto)
						JOIN apex_usuario_grupo_acc_item augai ON (auga.proyecto = augai.proyecto AND auga.usuario_grupo_acc = augai.usuario_grupo_acc AND augai.item = amo.item)
						JOIN apex_item ai ON (augai.item = ai.item AND augai.proyecto = ai.proyecto)	
				  WHERE (ai.menu = 1)
					AND ai.item != ai.padre
					AND	(auga.usuario_grupo_acc IN ('admin') OR ai.publico = 1)
					AND	(amo.proyecto = 'toba_referencia')
					AND auga.menu_usuario IS NOT NULL
			UNION
				SELECT 	ai.padre,
						ai.carpeta,
						ai.proyecto,
						ai.item,
						ai.nombre as nombre,
						ai.orden as 		orden,
						ai.imagen,
						ai.imagen_recurso_origen,
						ai.padre = '1000218' as es_primer_nivel
				FROM 
						apex_usuario_grupo_acc auga
					JOIN apex_usuario_grupo_acc_item augai ON (auga.proyecto = augai.proyecto AND auga.usuario_grupo_acc = augai.usuario_grupo_acc)
					JOIN apex_item ai ON (augai.item = ai.item AND augai.proyecto = ai.proyecto)	
				WHERE auga.menu_usuario is null
					AND (ai.menu = 1)
					AND ai.item != ai.padre
					AND	(auga.usuario_grupo_acc IN ('admin') OR ai.publico = 1)
					AND	(ai.proyecto = 'toba_referencia')
			) ORDER BY 1, 6
[DEBUG][toba] [SECCION] Iniciando componentes...
[DEBUG][toba] componente(30000025): [callback][ ini__operacion ]
[DEBUG][toba] [SECCION] Procesando eventos...
[INFO][toba] componente(30000025): No hay señales de un servicio anterior, no se atrapan eventos
[DEBUG][toba] [SECCION] Configurando dependencias para responder al servicio...
[DEBUG][toba] componente(30000025): Pantalla de servicio: 'pant_inicial'
[INFO][toba] componente(30000025): [ callback ] 'conf__pant_inicial' no fue atrapado
[DEBUG][toba] [SECCION] Respondiendo al servicio__generar_html...

-o-o-o-o-o-
Fecha: 20-02-2017 16:54:00
Operacion: Multilínea (ml)
Usuario: toba
Version-PHP: 5.6.25
Servidor: localhost
URI: /toba_referencia/2.7/?ai=toba_referencia||1000216&tcm=previsualizacion&tm=1
Referrer: http://localhost:2020/toba_editor/2.7/aplicacion.php?ah=st58ab491e2ad102.64444035&ai=toba_editor%7C%7C1000241
Host: 172.17.0.1
==========
[INFO][toba] Se detecto acceso desde el menu. Se limpia la memoria de la operacion
[DEBUG][toba_referencia] INSTALACION "/var/local/proyecto/docker-data/instalacion"
[DEBUG][toba_referencia] Parametros instancia produccion: array (
  'base' => 'toba_2_7',
  'proyectos' => 'toba_editor, toba_referencia, toba_usuarios, lavautos',
  'tipo' => 'normal',
  'toba_editor' => 
  array (
    'path' => '/var/local/proyecto/vendor/siu-toba/framework/proyectos/toba_editor',
    'url' => '/toba_editor/2.7',
  ),
  'toba_referencia' => 
  array (
    'path' => '/var/local/proyecto/vendor/siu-toba/framework/proyectos/toba_referencia',
    'url' => '/toba_referencia/2.7',
  ),
  'toba_usuarios' => 
  array (
    'path' => '/var/local/proyecto/vendor/siu-toba/framework/proyectos/toba_usuarios',
    'url' => '/toba_usuarios/2.7',
  ),
  'lavautos' => 
  array (
    'path' => '/var/local/proyecto/vendor/siu-toba/framework/proyectos/lavautos',
    'url' => '/lavautos/1.0',
    'usar_perfiles_propios' => '1',
  ),
)
[DEBUG][toba_referencia] INSTANCIA "produccion"
[DEBUG][toba_referencia] Conectando a base 'toba_2_7'
[DEBUG][toba_referencia] Parametros de conexion: array (
  'motor' => 'postgres7',
  'profile' => '172.17.0.3',
  'usuario' => 'postgres',
  'clave' => 'postgres',
  'base' => 'toba_2_7',
  'puerto' => '5432',
  'encoding' => 'LATIN1',
  'schema' => 'produccion',
)
[DEBUG][toba_referencia] PROYECTO "toba_referencia"
[DEBUG][toba_referencia] PUNTO DE MONTAJE: se cargó exitosamente el autoload del punto de montaje proyecto
[DEBUG][toba_referencia] PROYECTO "toba_referencia"
[DEBUG][toba_referencia] (
				SELECT 	amo.padre,
							amo.carpeta,
							amo.proyecto,
							amo.item,
							amo.descripcion as nombre,
							ai.orden as 		orden,
							ai.imagen,
							ai.imagen_recurso_origen,
							amo.padre = '1000218' as es_primer_nivel
				   FROM 
							apex_usuario_grupo_acc auga
						JOIN apex_menu_operaciones amo ON (auga.menu_usuario = amo.menu_id AND auga.proyecto = amo.proyecto)
						JOIN apex_usuario_grupo_acc_item augai ON (auga.proyecto = augai.proyecto AND auga.usuario_grupo_acc = augai.usuario_grupo_acc AND augai.item = amo.item)
						JOIN apex_item ai ON (augai.item = ai.item AND augai.proyecto = ai.proyecto)	
				  WHERE (ai.menu = 1)
					AND ai.item != ai.padre
					AND	(auga.usuario_grupo_acc IN ('admin') OR ai.publico = 1)
					AND	(amo.proyecto = 'toba_referencia')
					AND auga.menu_usuario IS NOT NULL
			UNION
				SELECT 	ai.padre,
						ai.carpeta,
						ai.proyecto,
						ai.item,
						ai.nombre as nombre,
						ai.orden as 		orden,
						ai.imagen,
						ai.imagen_recurso_origen,
						ai.padre = '1000218' as es_primer_nivel
				FROM 
						apex_usuario_grupo_acc auga
					JOIN apex_usuario_grupo_acc_item augai ON (auga.proyecto = augai.proyecto AND auga.usuario_grupo_acc = augai.usuario_grupo_acc)
					JOIN apex_item ai ON (augai.item = ai.item AND augai.proyecto = ai.proyecto)	
				WHERE auga.menu_usuario is null
					AND (ai.menu = 1)
					AND ai.item != ai.padre
					AND	(auga.usuario_grupo_acc IN ('admin') OR ai.publico = 1)
					AND	(ai.proyecto = 'toba_referencia')
			) ORDER BY 1, 6
[DEBUG][toba] [SECCION] Iniciando componentes...
[INFO][toba_referencia] PUNTO MONTAJE: se cargó la clase componentes/ei_formulario_ml/extension_ci.php del punto de montaje proyecto. El path del mismo es /var/local/proyecto/vendor/siu-toba/framework/proyectos/toba_referencia/php
[DEBUG][toba] componente(1305): [callback][ ini__operacion ]
[DEBUG][toba] [SECCION] Procesando eventos...
[INFO][toba] componente(1305): No hay señales de un servicio anterior, no se atrapan eventos
[DEBUG][toba] [SECCION] Configurando dependencias para responder al servicio...
[DEBUG][toba] componente(1305): Pantalla de servicio: '0'
[INFO][toba] componente(1305): [ callback ] 'conf__0' no fue atrapado
[INFO][toba_referencia] PUNTO MONTAJE: se cargó la clase componentes/ei_formulario_ml/extension_formulario.php del punto de montaje proyecto. El path del mismo es /var/local/proyecto/vendor/siu-toba/framework/proyectos/toba_referencia/php
[DEBUG][toba] componente(1306):  IMPLICITO: modificacion
[DEBUG][toba] componente(1305): [ callback ] 'conf__ml'
[DEBUG][toba] [SECCION] Respondiendo al servicio__generar_html...

-o-o-o-o-o-
Fecha: 20-02-2017 16:54:14
Operacion: Multilínea (ml)
Usuario: toba
Version-PHP: 5.6.25
Servidor: localhost
URI: /toba_referencia/2.7/aplicacion.php?ah=st58ab4957b12e98.96126014&ai=toba_referencia%7C%7C1000216&tcm=previsualizacion
Referrer: http://localhost:2020/toba_referencia/2.7/?ai=toba_referencia||1000216&tcm=previsualizacion&tm=1
Host: 172.17.0.1
==========
[DEBUG][toba_referencia] INSTALACION "/var/local/proyecto/docker-data/instalacion"
[DEBUG][toba_referencia] Parametros instancia produccion: array (
  'base' => 'toba_2_7',
  'proyectos' => 'toba_editor, toba_referencia, toba_usuarios, lavautos',
  'tipo' => 'normal',
  'toba_editor' => 
  array (
    'path' => '/var/local/proyecto/vendor/siu-toba/framework/proyectos/toba_editor',
    'url' => '/toba_editor/2.7',
  ),
  'toba_referencia' => 
  array (
    'path' => '/var/local/proyecto/vendor/siu-toba/framework/proyectos/toba_referencia',
    'url' => '/toba_referencia/2.7',
  ),
  'toba_usuarios' => 
  array (
    'path' => '/var/local/proyecto/vendor/siu-toba/framework/proyectos/toba_usuarios',
    'url' => '/toba_usuarios/2.7',
  ),
  'lavautos' => 
  array (
    'path' => '/var/local/proyecto/vendor/siu-toba/framework/proyectos/lavautos',
    'url' => '/lavautos/1.0',
    'usar_perfiles_propios' => '1',
  ),
)
[DEBUG][toba_referencia] INSTANCIA "produccion"
[DEBUG][toba_referencia] Conectando a base 'toba_2_7'
[DEBUG][toba_referencia] Parametros de conexion: array (
  'motor' => 'postgres7',
  'profile' => '172.17.0.3',
  'usuario' => 'postgres',
  'clave' => 'postgres',
  'base' => 'toba_2_7',
  'puerto' => '5432',
  'encoding' => 'LATIN1',
  'schema' => 'produccion',
)
[DEBUG][toba_referencia] PROYECTO "toba_referencia"
[DEBUG][toba_referencia] PUNTO DE MONTAJE: se cargó exitosamente el autoload del punto de montaje proyecto
[DEBUG][toba_referencia] PROYECTO "toba_referencia"
[DEBUG][toba_referencia] (
				SELECT 	amo.padre,
							amo.carpeta,
							amo.proyecto,
							amo.item,
							amo.descripcion as nombre,
							ai.orden as 		orden,
							ai.imagen,
							ai.imagen_recurso_origen,
							amo.padre = '1000218' as es_primer_nivel
				   FROM 
							apex_usuario_grupo_acc auga
						JOIN apex_menu_operaciones amo ON (auga.menu_usuario = amo.menu_id AND auga.proyecto = amo.proyecto)
						JOIN apex_usuario_grupo_acc_item augai ON (auga.proyecto = augai.proyecto AND auga.usuario_grupo_acc = augai.usuario_grupo_acc AND augai.item = amo.item)
						JOIN apex_item ai ON (augai.item = ai.item AND augai.proyecto = ai.proyecto)	
				  WHERE (ai.menu = 1)
					AND ai.item != ai.padre
					AND	(auga.usuario_grupo_acc IN ('admin') OR ai.publico = 1)
					AND	(amo.proyecto = 'toba_referencia')
					AND auga.menu_usuario IS NOT NULL
			UNION
				SELECT 	ai.padre,
						ai.carpeta,
						ai.proyecto,
						ai.item,
						ai.nombre as nombre,
						ai.orden as 		orden,
						ai.imagen,
						ai.imagen_recurso_origen,
						ai.padre = '1000218' as es_primer_nivel
				FROM 
						apex_usuario_grupo_acc auga
					JOIN apex_usuario_grupo_acc_item augai ON (auga.proyecto = augai.proyecto AND auga.usuario_grupo_acc = augai.usuario_grupo_acc)
					JOIN apex_item ai ON (augai.item = ai.item AND augai.proyecto = ai.proyecto)	
				WHERE auga.menu_usuario is null
					AND (ai.menu = 1)
					AND ai.item != ai.padre
					AND	(auga.usuario_grupo_acc IN ('admin') OR ai.publico = 1)
					AND	(ai.proyecto = 'toba_referencia')
			) ORDER BY 1, 6
[DEBUG][toba] [SECCION] Iniciando componentes...
[INFO][toba_referencia] PUNTO MONTAJE: se cargó la clase componentes/ei_formulario_ml/extension_ci.php del punto de montaje proyecto. El path del mismo es /var/local/proyecto/vendor/siu-toba/framework/proyectos/toba_referencia/php
[DEBUG][toba] componente(1305): Pantalla de eventos: '0'
[DEBUG][toba] [SECCION] Procesando eventos...
[DEBUG][toba] componente(1305): [ inicializar_dependencias ]
array (
  0 => 'ml',
)
[INFO][toba_referencia] PUNTO MONTAJE: se cargó la clase componentes/ei_formulario_ml/extension_formulario.php del punto de montaje proyecto. El path del mismo es /var/local/proyecto/vendor/siu-toba/framework/proyectos/toba_referencia/php
[DEBUG][toba] componente(1306):  IMPLICITO: modificacion
[DEBUG][toba] componente(1305): [ registrar_evento ] 'modificacion' -> [ evt__ml__modificacion ]
array (
  0 => 
  array (
    156 => 
    array (
      'fecha' => '2017-02-20',
      'importe' => '10000',
      'con_descuento' => '1',
      'descuento' => '3000',
      'neto' => '7000',
      'x_dbr_clave' => 156,
      'apex_ei_analisis_fila' => 'A',
    ),
  ),
)
[DEBUG][toba] componente(1305): [ evento ] 'procesar' -> [ evt__procesar ]
[DEBUG][toba] [SECCION] Configurando dependencias para responder al servicio...
[DEBUG][toba] componente(1305): Pantalla de servicio: '0'
[INFO][toba] componente(1305): [ callback ] 'conf__0' no fue atrapado
[DEBUG][toba] componente(1305): [ callback ] 'conf__ml'
[DEBUG][toba] [SECCION] Respondiendo al servicio__generar_html...

-o-o-o-o-o-
Fecha: 20-02-2017 16:55:14
Operacion: Inicio
Usuario: toba
Version-PHP: 5.6.25
Servidor: localhost
URI: /toba_referencia/2.7/?ai=toba_referencia&tcm=previsualizacion&tm=1
Referrer: http://localhost:2020/toba_editor/2.7/aplicacion.php?ah=st58ab499c8c0e92.17120894&ai=toba_editor%7C%7C1000241
Host: 172.17.0.1
==========
[INFO][toba] Se detecto acceso desde el menu. Se limpia la memoria de la operacion
[DEBUG][toba_referencia] INSTALACION "/var/local/proyecto/docker-data/instalacion"
[DEBUG][toba_referencia] Parametros instancia produccion: array (
  'base' => 'toba_2_7',
  'proyectos' => 'toba_editor, toba_referencia, toba_usuarios, lavautos',
  'tipo' => 'normal',
  'toba_editor' => 
  array (
    'path' => '/var/local/proyecto/vendor/siu-toba/framework/proyectos/toba_editor',
    'url' => '/toba_editor/2.7',
  ),
  'toba_referencia' => 
  array (
    'path' => '/var/local/proyecto/vendor/siu-toba/framework/proyectos/toba_referencia',
    'url' => '/toba_referencia/2.7',
  ),
  'toba_usuarios' => 
  array (
    'path' => '/var/local/proyecto/vendor/siu-toba/framework/proyectos/toba_usuarios',
    'url' => '/toba_usuarios/2.7',
  ),
  'lavautos' => 
  array (
    'path' => '/var/local/proyecto/vendor/siu-toba/framework/proyectos/lavautos',
    'url' => '/lavautos/1.0',
    'usar_perfiles_propios' => '1',
  ),
)
[DEBUG][toba_referencia] INSTANCIA "produccion"
[DEBUG][toba_referencia] Conectando a base 'toba_2_7'
[DEBUG][toba_referencia] Parametros de conexion: array (
  'motor' => 'postgres7',
  'profile' => '172.17.0.3',
  'usuario' => 'postgres',
  'clave' => 'postgres',
  'base' => 'toba_2_7',
  'puerto' => '5432',
  'encoding' => 'LATIN1',
  'schema' => 'produccion',
)
[DEBUG][toba_referencia] PROYECTO "toba_referencia"
[DEBUG][toba_referencia] PUNTO DE MONTAJE: se cargó exitosamente el autoload del punto de montaje proyecto
[DEBUG][toba] Se cambia el ítem solicitado a =>array (
  0 => 'toba_referencia',
  1 => '3294',
)
[INFO][toba] Se detecto acceso desde el menu. Se limpia la memoria de la operacion
[DEBUG][toba_referencia] PROYECTO "toba_referencia"
[DEBUG][toba_referencia] (
				SELECT 	amo.padre,
							amo.carpeta,
							amo.proyecto,
							amo.item,
							amo.descripcion as nombre,
							ai.orden as 		orden,
							ai.imagen,
							ai.imagen_recurso_origen,
							amo.padre = '1000218' as es_primer_nivel
				   FROM 
							apex_usuario_grupo_acc auga
						JOIN apex_menu_operaciones amo ON (auga.menu_usuario = amo.menu_id AND auga.proyecto = amo.proyecto)
						JOIN apex_usuario_grupo_acc_item augai ON (auga.proyecto = augai.proyecto AND auga.usuario_grupo_acc = augai.usuario_grupo_acc AND augai.item = amo.item)
						JOIN apex_item ai ON (augai.item = ai.item AND augai.proyecto = ai.proyecto)	
				  WHERE (ai.menu = 1)
					AND ai.item != ai.padre
					AND	(auga.usuario_grupo_acc IN ('admin') OR ai.publico = 1)
					AND	(amo.proyecto = 'toba_referencia')
					AND auga.menu_usuario IS NOT NULL
			UNION
				SELECT 	ai.padre,
						ai.carpeta,
						ai.proyecto,
						ai.item,
						ai.nombre as nombre,
						ai.orden as 		orden,
						ai.imagen,
						ai.imagen_recurso_origen,
						ai.padre = '1000218' as es_primer_nivel
				FROM 
						apex_usuario_grupo_acc auga
					JOIN apex_usuario_grupo_acc_item augai ON (auga.proyecto = augai.proyecto AND auga.usuario_grupo_acc = augai.usuario_grupo_acc)
					JOIN apex_item ai ON (augai.item = ai.item AND augai.proyecto = ai.proyecto)	
				WHERE auga.menu_usuario is null
					AND (ai.menu = 1)
					AND ai.item != ai.padre
					AND	(auga.usuario_grupo_acc IN ('admin') OR ai.publico = 1)
					AND	(ai.proyecto = 'toba_referencia')
			) ORDER BY 1, 6
[DEBUG][toba] [SECCION] Iniciando componentes...
[DEBUG][toba] componente(30000025): [callback][ ini__operacion ]
[DEBUG][toba] [SECCION] Procesando eventos...
[INFO][toba] componente(30000025): No hay señales de un servicio anterior, no se atrapan eventos
[DEBUG][toba] [SECCION] Configurando dependencias para responder al servicio...
[DEBUG][toba] componente(30000025): Pantalla de servicio: 'pant_inicial'
[INFO][toba] componente(30000025): [ callback ] 'conf__pant_inicial' no fue atrapado
[DEBUG][toba] [SECCION] Respondiendo al servicio__generar_html...

-o-o-o-o-o-
Fecha: 20-02-2017 16:55:19
Operacion: Multilínea (ml)
Usuario: toba
Version-PHP: 5.6.25
Servidor: localhost
URI: /toba_referencia/2.7/aplicacion.php?tm=1&tcm=previsualizacion&ai=toba_referencia||1000216
Referrer: http://localhost:2020/toba_referencia/2.7/?ai=toba_referencia&tcm=previsualizacion&tm=1
Host: 172.17.0.1
==========
[INFO][toba] Se detecto acceso desde el menu. Se limpia la memoria de la operacion
[DEBUG][toba_referencia] INSTALACION "/var/local/proyecto/docker-data/instalacion"
[DEBUG][toba_referencia] Parametros instancia produccion: array (
  'base' => 'toba_2_7',
  'proyectos' => 'toba_editor, toba_referencia, toba_usuarios, lavautos',
  'tipo' => 'normal',
  'toba_editor' => 
  array (
    'path' => '/var/local/proyecto/vendor/siu-toba/framework/proyectos/toba_editor',
    'url' => '/toba_editor/2.7',
  ),
  'toba_referencia' => 
  array (
    'path' => '/var/local/proyecto/vendor/siu-toba/framework/proyectos/toba_referencia',
    'url' => '/toba_referencia/2.7',
  ),
  'toba_usuarios' => 
  array (
    'path' => '/var/local/proyecto/vendor/siu-toba/framework/proyectos/toba_usuarios',
    'url' => '/toba_usuarios/2.7',
  ),
  'lavautos' => 
  array (
    'path' => '/var/local/proyecto/vendor/siu-toba/framework/proyectos/lavautos',
    'url' => '/lavautos/1.0',
    'usar_perfiles_propios' => '1',
  ),
)
[DEBUG][toba_referencia] INSTANCIA "produccion"
[DEBUG][toba_referencia] Conectando a base 'toba_2_7'
[DEBUG][toba_referencia] Parametros de conexion: array (
  'motor' => 'postgres7',
  'profile' => '172.17.0.3',
  'usuario' => 'postgres',
  'clave' => 'postgres',
  'base' => 'toba_2_7',
  'puerto' => '5432',
  'encoding' => 'LATIN1',
  'schema' => 'produccion',
)
[DEBUG][toba_referencia] PROYECTO "toba_referencia"
[DEBUG][toba_referencia] PUNTO DE MONTAJE: se cargó exitosamente el autoload del punto de montaje proyecto
[DEBUG][toba_referencia] PROYECTO "toba_referencia"
[DEBUG][toba_referencia] (
				SELECT 	amo.padre,
							amo.carpeta,
							amo.proyecto,
							amo.item,
							amo.descripcion as nombre,
							ai.orden as 		orden,
							ai.imagen,
							ai.imagen_recurso_origen,
							amo.padre = '1000218' as es_primer_nivel
				   FROM 
							apex_usuario_grupo_acc auga
						JOIN apex_menu_operaciones amo ON (auga.menu_usuario = amo.menu_id AND auga.proyecto = amo.proyecto)
						JOIN apex_usuario_grupo_acc_item augai ON (auga.proyecto = augai.proyecto AND auga.usuario_grupo_acc = augai.usuario_grupo_acc AND augai.item = amo.item)
						JOIN apex_item ai ON (augai.item = ai.item AND augai.proyecto = ai.proyecto)	
				  WHERE (ai.menu = 1)
					AND ai.item != ai.padre
					AND	(auga.usuario_grupo_acc IN ('admin') OR ai.publico = 1)
					AND	(amo.proyecto = 'toba_referencia')
					AND auga.menu_usuario IS NOT NULL
			UNION
				SELECT 	ai.padre,
						ai.carpeta,
						ai.proyecto,
						ai.item,
						ai.nombre as nombre,
						ai.orden as 		orden,
						ai.imagen,
						ai.imagen_recurso_origen,
						ai.padre = '1000218' as es_primer_nivel
				FROM 
						apex_usuario_grupo_acc auga
					JOIN apex_usuario_grupo_acc_item augai ON (auga.proyecto = augai.proyecto AND auga.usuario_grupo_acc = augai.usuario_grupo_acc)
					JOIN apex_item ai ON (augai.item = ai.item AND augai.proyecto = ai.proyecto)	
				WHERE auga.menu_usuario is null
					AND (ai.menu = 1)
					AND ai.item != ai.padre
					AND	(auga.usuario_grupo_acc IN ('admin') OR ai.publico = 1)
					AND	(ai.proyecto = 'toba_referencia')
			) ORDER BY 1, 6
[DEBUG][toba] [SECCION] Iniciando componentes...
[INFO][toba_referencia] PUNTO MONTAJE: se cargó la clase componentes/ei_formulario_ml/extension_ci.php del punto de montaje proyecto. El path del mismo es /var/local/proyecto/vendor/siu-toba/framework/proyectos/toba_referencia/php
[DEBUG][toba] componente(1305): [callback][ ini__operacion ]
[DEBUG][toba] [SECCION] Procesando eventos...
[INFO][toba] componente(1305): No hay señales de un servicio anterior, no se atrapan eventos
[DEBUG][toba] [SECCION] Configurando dependencias para responder al servicio...
[DEBUG][toba] componente(1305): Pantalla de servicio: '0'
[INFO][toba] componente(1305): [ callback ] 'conf__0' no fue atrapado
[INFO][toba_referencia] PUNTO MONTAJE: se cargó la clase componentes/ei_formulario_ml/extension_formulario.php del punto de montaje proyecto. El path del mismo es /var/local/proyecto/vendor/siu-toba/framework/proyectos/toba_referencia/php
[DEBUG][toba] componente(1306):  IMPLICITO: modificacion
[DEBUG][toba] componente(1305): [ callback ] 'conf__ml'
[DEBUG][toba] [SECCION] Respondiendo al servicio__generar_html...

